0 info it worked if it ends with ok
1 verbose cli [ '/usr/local/bin/node', '/usr/local/bin/npm', 'run', 'watch' ]
2 info using npm@3.10.3
3 info using node@v6.3.1
4 verbose run-script [ 'prewatch', 'watch', 'postwatch' ]
5 info lifecycle TZI73.ru@0.1.0~prewatch: TZI73.ru@0.1.0
6 silly lifecycle TZI73.ru@0.1.0~prewatch: no script for prewatch, continuing
7 info lifecycle TZI73.ru@0.1.0~watch: TZI73.ru@0.1.0
8 verbose lifecycle TZI73.ru@0.1.0~watch: unsafe-perm in lifecycle true
9 verbose lifecycle TZI73.ru@0.1.0~watch: PATH: /usr/local/lib/node_modules/npm/bin/node-gyp-bin:/home/dmitry/work/web/tzi73.rf/node_modules/.bin:/usr/local/bin:/usr/local/sbin:/usr/local/bin:/usr/sbin:/usr/bin:/sbin:/bin:/usr/games:/usr/local/games:/home/dmitry/Android_SDK/tools:/home/dmitry/ANDROID_SDK/platform-tools:/home/dmitry/Android_NDK:/home/dmitry/Android_Studio/bin:/home/dmitry/Android_SDK/platform-tools:/home/dmitry/eclipse
10 verbose lifecycle TZI73.ru@0.1.0~watch: CWD: /home/dmitry/work/web/tzi73.rf
11 silly lifecycle TZI73.ru@0.1.0~watch: Args: [ '-c', 'grunt watch' ]
12 silly lifecycle TZI73.ru@0.1.0~watch: Returned: code: 3  signal: null
13 info lifecycle TZI73.ru@0.1.0~watch: Failed to exec watch script
14 verbose stack Error: TZI73.ru@0.1.0 watch: `grunt watch`
14 verbose stack Exit status 3
14 verbose stack     at EventEmitter.<anonymous> (/usr/local/lib/node_modules/npm/lib/utils/lifecycle.js:242:16)
14 verbose stack     at emitTwo (events.js:106:13)
14 verbose stack     at EventEmitter.emit (events.js:191:7)
14 verbose stack     at ChildProcess.<anonymous> (/usr/local/lib/node_modules/npm/lib/utils/spawn.js:40:14)
14 verbose stack     at emitTwo (events.js:106:13)
14 verbose stack     at ChildProcess.emit (events.js:191:7)
14 verbose stack     at maybeClose (internal/child_process.js:852:16)
14 verbose stack     at Process.ChildProcess._handle.onexit (internal/child_process.js:215:5)
15 verbose pkgid TZI73.ru@0.1.0
16 verbose cwd /home/dmitry/work/web/tzi73.rf
17 error Linux 4.4.0-64-generic
18 error argv "/usr/local/bin/node" "/usr/local/bin/npm" "run" "watch"
19 error node v6.3.1
20 error npm  v3.10.3
21 error code ELIFECYCLE
22 error TZI73.ru@0.1.0 watch: `grunt watch`
22 error Exit status 3
23 error Failed at the TZI73.ru@0.1.0 watch script 'grunt watch'.
23 error Make sure you have the latest version of node.js and npm installed.
23 error If you do, this is most likely a problem with the TZI73.ru package,
23 error not with npm itself.
23 error Tell the author that this fails on your system:
23 error     grunt watch
23 error You can get information on how to open an issue for this project with:
23 error     npm bugs TZI73.ru
23 error Or if that isn't available, you can get their info via:
23 error     npm owner ls TZI73.ru
23 error There is likely additional logging output above.
24 verbose exit [ 1, true ]
